{"C:\\Users\\Vinicius\\Projeto-integrador\\src\\Product\\model\\product.ts": {"path":"C:\\Users\\Vinicius\\Projeto-integrador\\src\\Product\\model\\product.ts","statementMap":{"0":{"start":{"line":1,"column":0},"end":{"line":1,"column":39}},"1":{"start":{"line":3,"column":0},"end":{"line":3,"column":47}},"2":{"start":{"line":35,"column":8},"end":{"line":35,"column":40}},"3":{"start":{"line":37,"column":8},"end":{"line":37,"column":25}},"4":{"start":{"line":38,"column":8},"end":{"line":38,"column":null}},"5":{"start":{"line":39,"column":8},"end":{"line":39,"column":null}},"6":{"start":{"line":40,"column":8},"end":{"line":40,"column":25}},"7":{"start":{"line":41,"column":8},"end":{"line":41,"column":31}},"8":{"start":{"line":42,"column":8},"end":{"line":42,"column":29}},"9":{"start":{"line":43,"column":8},"end":{"line":43,"column":37}},"10":{"start":{"line":44,"column":8},"end":{"line":44,"column":33}},"11":{"start":{"line":45,"column":8},"end":{"line":45,"column":41}},"12":{"start":{"line":46,"column":8},"end":{"line":46,"column":35}},"13":{"start":{"line":47,"column":8},"end":{"line":47,"column":47}},"14":{"start":{"line":51,"column":23},"end":{"line":51,"column":41}},"15":{"start":{"line":52,"column":8},"end":{"line":55,"column":9}},"16":{"start":{"line":53,"column":12},"end":{"line":53,"column":55}},"17":{"start":{"line":54,"column":12},"end":{"line":54,"column":25}},"18":{"start":{"line":57,"column":8},"end":{"line":60,"column":9}},"19":{"start":{"line":58,"column":12},"end":{"line":58,"column":46}},"20":{"start":{"line":59,"column":12},"end":{"line":59,"column":25}},"21":{"start":{"line":62,"column":8},"end":{"line":62,"column":39}},"22":{"start":{"line":63,"column":8},"end":{"line":63,"column":20}},"23":{"start":{"line":7,"column":0},"end":{"line":7,"column":13}}},"fnMap":{"0":{"name":"(anonymous_0)","decl":{"start":{"line":19,"column":4},"end":{"line":19,"column":null}},"loc":{"start":{"line":33,"column":24},"end":{"line":48,"column":5}}},"1":{"name":"(anonymous_1)","decl":{"start":{"line":50,"column":4},"end":{"line":50,"column":12}},"loc":{"start":{"line":50,"column":12},"end":{"line":64,"column":5}}}},"branchMap":{"0":{"loc":{"start":{"line":52,"column":8},"end":{"line":55,"column":9}},"type":"if","locations":[{"start":{"line":52,"column":8},"end":{"line":55,"column":9}}]},"1":{"loc":{"start":{"line":57,"column":8},"end":{"line":60,"column":9}},"type":"if","locations":[{"start":{"line":57,"column":8},"end":{"line":60,"column":9}}]}},"s":{"0":1,"1":1,"2":1,"3":1,"4":1,"5":1,"6":1,"7":1,"8":1,"9":1,"10":1,"11":1,"12":1,"13":1,"14":0,"15":0,"16":0,"17":0,"18":0,"19":0,"20":0,"21":0,"22":0,"23":1},"f":{"0":1,"1":0},"b":{"0":[0],"1":[0]}}
,"C:\\Users\\Vinicius\\Projeto-integrador\\src\\Product\\service\\index.ts": {"path":"C:\\Users\\Vinicius\\Projeto-integrador\\src\\Product\\service\\index.ts","statementMap":{"0":{"start":{"line":1,"column":0},"end":{"line":1,"column":50}},"1":{"start":{"line":4,"column":0},"end":{"line":4,"column":43}},"2":{"start":{"line":7,"column":12},"end":{"line":7,"column":37}},"3":{"start":{"line":8,"column":12},"end":{"line":8,"column":41}},"4":{"start":{"line":11,"column":24},"end":{"line":22,"column":null}},"5":{"start":{"line":25,"column":8},"end":{"line":41,"column":9}},"6":{"start":{"line":26,"column":30},"end":{"line":32,"column":null}},"7":{"start":{"line":35,"column":12},"end":{"line":35,"column":44}},"8":{"start":{"line":37,"column":12},"end":{"line":37,"column":48}},"9":{"start":{"line":39,"column":12},"end":{"line":39,"column":99}},"10":{"start":{"line":40,"column":12},"end":{"line":40,"column":108}},"11":{"start":{"line":43,"column":8},"end":{"line":43,"column":36}},"12":{"start":{"line":44,"column":8},"end":{"line":44,"column":67}},"13":{"start":{"line":48,"column":8},"end":{"line":48,"column":74}},"14":{"start":{"line":48,"column":47},"end":{"line":48,"column":64}},"15":{"start":{"line":52,"column":8},"end":{"line":52,"column":77}},"16":{"start":{"line":52,"column":58},"end":{"line":52,"column":75}},"17":{"start":{"line":53,"column":8},"end":{"line":53,"column":74}},"18":{"start":{"line":57,"column":22},"end":{"line":57,"column":77}},"19":{"start":{"line":57,"column":59},"end":{"line":57,"column":76}},"20":{"start":{"line":59,"column":8},"end":{"line":61,"column":9}},"21":{"start":{"line":60,"column":12},"end":{"line":60,"column":72}},"22":{"start":{"line":63,"column":31},"end":{"line":63,"column":51}},"23":{"start":{"line":65,"column":8},"end":{"line":75,"column":9}},"24":{"start":{"line":66,"column":12},"end":{"line":66,"column":64}},"25":{"start":{"line":68,"column":30},"end":{"line":68,"column":60}},"26":{"start":{"line":69,"column":12},"end":{"line":74,"column":13}},"27":{"start":{"line":70,"column":41},"end":{"line":70,"column":83}},"28":{"start":{"line":71,"column":16},"end":{"line":73,"column":17}},"29":{"start":{"line":72,"column":20},"end":{"line":72,"column":63}},"30":{"start":{"line":76,"column":8},"end":{"line":85,"column":9}},"31":{"start":{"line":77,"column":12},"end":{"line":80,"column":13}},"32":{"start":{"line":78,"column":16},"end":{"line":78,"column":99}},"33":{"start":{"line":79,"column":16},"end":{"line":79,"column":23}},"34":{"start":{"line":82,"column":12},"end":{"line":82,"column":76}},"35":{"start":{"line":83,"column":12},"end":{"line":83,"column":141}},"36":{"start":{"line":84,"column":12},"end":{"line":84,"column":136}},"37":{"start":{"line":86,"column":8},"end":{"line":86,"column":72}},"38":{"start":{"line":87,"column":8},"end":{"line":87,"column":76}},"39":{"start":{"line":6,"column":0},"end":{"line":6,"column":13}}},"fnMap":{"0":{"name":"(anonymous_0)","decl":{"start":{"line":6,"column":0},"end":{"line":6,"column":13}},"loc":{"start":{"line":6,"column":0},"end":{"line":89,"column":1}}},"1":{"name":"(anonymous_1)","decl":{"start":{"line":10,"column":5},"end":{"line":10,"column":11}},"loc":{"start":{"line":10,"column":40},"end":{"line":45,"column":5}}},"2":{"name":"(anonymous_2)","decl":{"start":{"line":47,"column":4},"end":{"line":47,"column":12}},"loc":{"start":{"line":47,"column":23},"end":{"line":49,"column":5}}},"3":{"name":"(anonymous_3)","decl":{"start":{"line":48,"column":34},"end":{"line":48,"column":35}},"loc":{"start":{"line":48,"column":47},"end":{"line":48,"column":64}}},"4":{"name":"(anonymous_4)","decl":{"start":{"line":51,"column":4},"end":{"line":51,"column":10}},"loc":{"start":{"line":51,"column":21},"end":{"line":54,"column":5}}},"5":{"name":"(anonymous_5)","decl":{"start":{"line":52,"column":45},"end":{"line":52,"column":46}},"loc":{"start":{"line":52,"column":58},"end":{"line":52,"column":75}}},"6":{"name":"(anonymous_6)","decl":{"start":{"line":56,"column":4},"end":{"line":56,"column":10}},"loc":{"start":{"line":56,"column":55},"end":{"line":88,"column":5}}},"7":{"name":"(anonymous_7)","decl":{"start":{"line":57,"column":46},"end":{"line":57,"column":47}},"loc":{"start":{"line":57,"column":59},"end":{"line":57,"column":76}}}},"branchMap":{"0":{"loc":{"start":{"line":25,"column":8},"end":{"line":41,"column":9}},"type":"if","locations":[{"start":{"line":25,"column":8},"end":{"line":41,"column":9}}]},"1":{"loc":{"start":{"line":25,"column":12},"end":{"line":25,"column":68}},"type":"binary-expr","locations":[{"start":{"line":25,"column":12},"end":{"line":25,"column":40}},{"start":{"line":25,"column":44},"end":{"line":25,"column":68}}]},"2":{"loc":{"start":{"line":48,"column":15},"end":{"line":48,"column":73}},"type":"binary-expr","locations":[{"start":{"line":48,"column":15},"end":{"line":48,"column":65}},{"start":{"line":48,"column":69},"end":{"line":48,"column":73}}]},"3":{"loc":{"start":{"line":59,"column":8},"end":{"line":61,"column":9}},"type":"if","locations":[{"start":{"line":59,"column":8},"end":{"line":61,"column":9}}]},"4":{"loc":{"start":{"line":65,"column":8},"end":{"line":75,"column":9}},"type":"if","locations":[{"start":{"line":65,"column":8},"end":{"line":75,"column":9}}]},"5":{"loc":{"start":{"line":65,"column":12},"end":{"line":65,"column":80}},"type":"binary-expr","locations":[{"start":{"line":65,"column":12},"end":{"line":65,"column":46}},{"start":{"line":65,"column":50},"end":{"line":65,"column":80}}]},"6":{"loc":{"start":{"line":69,"column":12},"end":{"line":74,"column":13}},"type":"if","locations":[{"start":{"line":69,"column":12},"end":{"line":74,"column":13}}]},"7":{"loc":{"start":{"line":71,"column":16},"end":{"line":73,"column":17}},"type":"if","locations":[{"start":{"line":71,"column":16},"end":{"line":73,"column":17}}]},"8":{"loc":{"start":{"line":76,"column":8},"end":{"line":85,"column":9}},"type":"if","locations":[{"start":{"line":76,"column":8},"end":{"line":85,"column":9}}]},"9":{"loc":{"start":{"line":77,"column":12},"end":{"line":80,"column":13}},"type":"if","locations":[{"start":{"line":77,"column":12},"end":{"line":80,"column":13}}]}},"s":{"0":1,"1":1,"2":1,"3":1,"4":1,"5":1,"6":0,"7":0,"8":0,"9":0,"10":0,"11":1,"12":1,"13":1,"14":1,"15":0,"16":0,"17":0,"18":0,"19":0,"20":0,"21":0,"22":0,"23":0,"24":0,"25":0,"26":0,"27":0,"28":0,"29":0,"30":0,"31":0,"32":0,"33":0,"34":0,"35":0,"36":0,"37":0,"38":0,"39":1},"f":{"0":1,"1":1,"2":1,"3":1,"4":0,"5":0,"6":0,"7":0},"b":{"0":[0],"1":[1,0],"2":[1,0],"3":[0],"4":[0],"5":[0,0],"6":[0],"7":[0],"8":[0],"9":[0]}}
,"C:\\Users\\Vinicius\\Projeto-integrador\\src\\Promotion\\model\\index.ts": {"path":"C:\\Users\\Vinicius\\Projeto-integrador\\src\\Promotion\\model\\index.ts","statementMap":{"0":{"start":{"line":1,"column":0},"end":{"line":1,"column":39}},"1":{"start":{"line":24,"column":4},"end":{"line":24,"column":35}},"2":{"start":{"line":25,"column":4},"end":{"line":25,"column":25}},"3":{"start":{"line":26,"column":4},"end":{"line":26,"column":35}},"4":{"start":{"line":27,"column":4},"end":{"line":27,"column":33}},"5":{"start":{"line":28,"column":4},"end":{"line":28,"column":39}},"6":{"start":{"line":29,"column":4},"end":{"line":29,"column":49}},"7":{"start":{"line":30,"column":4},"end":{"line":30,"column":31}},"8":{"start":{"line":34,"column":27},"end":{"line":35,"column":null}},"9":{"start":{"line":35,"column":21},"end":{"line":35,"column":59}},"10":{"start":{"line":38,"column":4},"end":{"line":45,"column":5}},"11":{"start":{"line":39,"column":6},"end":{"line":39,"column":43}},"12":{"start":{"line":40,"column":6},"end":{"line":40,"column":67}},"13":{"start":{"line":41,"column":6},"end":{"line":41,"column":18}},"14":{"start":{"line":43,"column":6},"end":{"line":43,"column":59}},"15":{"start":{"line":44,"column":6},"end":{"line":44,"column":19}},"16":{"start":{"line":49,"column":27},"end":{"line":50,"column":null}},"17":{"start":{"line":50,"column":23},"end":{"line":50,"column":42}},"18":{"start":{"line":52,"column":8},"end":{"line":55,"column":9}},"19":{"start":{"line":53,"column":12},"end":{"line":53,"column":60}},"20":{"start":{"line":54,"column":12},"end":{"line":54,"column":19}},"21":{"start":{"line":60,"column":4},"end":{"line":60,"column":16}},"22":{"start":{"line":5,"column":0},"end":{"line":5,"column":13}}},"fnMap":{"0":{"name":"(anonymous_0)","decl":{"start":{"line":13,"column":2},"end":{"line":13,"column":null}},"loc":{"start":{"line":22,"column":15},"end":{"line":31,"column":3}}},"1":{"name":"(anonymous_1)","decl":{"start":{"line":33,"column":2},"end":{"line":33,"column":17}},"loc":{"start":{"line":33,"column":41},"end":{"line":46,"column":3}}},"2":{"name":"(anonymous_2)","decl":{"start":{"line":35,"column":6},"end":{"line":35,"column":7}},"loc":{"start":{"line":35,"column":21},"end":{"line":35,"column":59}}},"3":{"name":"(anonymous_3)","decl":{"start":{"line":48,"column":2},"end":{"line":48,"column":21}},"loc":{"start":{"line":48,"column":55},"end":{"line":56,"column":3}}},"4":{"name":"(anonymous_4)","decl":{"start":{"line":50,"column":8},"end":{"line":50,"column":9}},"loc":{"start":{"line":50,"column":23},"end":{"line":50,"column":42}}},"5":{"name":"(anonymous_5)","decl":{"start":{"line":59,"column":2},"end":{"line":59,"column":10}},"loc":{"start":{"line":59,"column":10},"end":{"line":61,"column":3}}}},"branchMap":{"0":{"loc":{"start":{"line":38,"column":4},"end":{"line":45,"column":5}},"type":"if","locations":[{"start":{"line":38,"column":4},"end":{"line":45,"column":5}},{"start":{"line":42,"column":11},"end":{"line":45,"column":5}}]},"1":{"loc":{"start":{"line":52,"column":8},"end":{"line":55,"column":9}},"type":"if","locations":[{"start":{"line":52,"column":8},"end":{"line":55,"column":9}}]}},"s":{"0":1,"1":0,"2":0,"3":0,"4":0,"5":0,"6":0,"7":0,"8":0,"9":0,"10":0,"11":0,"12":0,"13":0,"14":0,"15":0,"16":0,"17":0,"18":0,"19":0,"20":0,"21":0,"22":1},"f":{"0":0,"1":0,"2":0,"3":0,"4":0,"5":0},"b":{"0":[0,0],"1":[0]}}
,"C:\\Users\\Vinicius\\Projeto-integrador\\src\\Store\\model\\index.ts": {"path":"C:\\Users\\Vinicius\\Projeto-integrador\\src\\Store\\model\\index.ts","statementMap":{"0":{"start":{"line":1,"column":0},"end":{"line":1,"column":39}},"1":{"start":{"line":20,"column":8},"end":{"line":20,"column":null}},"2":{"start":{"line":17,"column":4},"end":{"line":17,"column":null}},"3":{"start":{"line":21,"column":8},"end":{"line":21,"column":null}},"4":{"start":{"line":22,"column":8},"end":{"line":22,"column":null}},"5":{"start":{"line":23,"column":8},"end":{"line":23,"column":null}},"6":{"start":{"line":24,"column":8},"end":{"line":24,"column":null}},"7":{"start":{"line":25,"column":8},"end":{"line":25,"column":null}},"8":{"start":{"line":26,"column":8},"end":{"line":26,"column":null}},"9":{"start":{"line":27,"column":8},"end":{"line":27,"column":null}},"10":{"start":{"line":28,"column":8},"end":{"line":28,"column":null}},"11":{"start":{"line":29,"column":8},"end":{"line":29,"column":null}},"12":{"start":{"line":32,"column":8},"end":{"line":32,"column":null}},"13":{"start":{"line":8,"column":0},"end":{"line":8,"column":13}}},"fnMap":{"0":{"name":"(anonymous_0)","decl":{"start":{"line":18,"column":4},"end":{"line":18,"column":16}},"loc":{"start":{"line":18,"column":31},"end":{"line":30,"column":5}}},"1":{"name":"(anonymous_1)","decl":{"start":{"line":31,"column":4},"end":{"line":31,"column":12}},"loc":{"start":{"line":31,"column":12},"end":{"line":33,"column":5}}}},"branchMap":{"0":{"loc":{"start":{"line":32,"column":24},"end":{"line":32,"column":62}},"type":"binary-expr","locations":[{"start":{"line":32,"column":24},"end":{"line":32,"column":33}},{"start":{"line":32,"column":37},"end":{"line":32,"column":48}},{"start":{"line":32,"column":52},"end":{"line":32,"column":62}}]}},"s":{"0":1,"1":1,"2":1,"3":1,"4":1,"5":1,"6":1,"7":1,"8":1,"9":1,"10":1,"11":1,"12":0,"13":1},"f":{"0":1,"1":0},"b":{"0":[0,0,0]}}
,"C:\\Users\\Vinicius\\Projeto-integrador\\src\\Store\\service\\index.service.ts": {"path":"C:\\Users\\Vinicius\\Projeto-integrador\\src\\Store\\service\\index.service.ts","statementMap":{"0":{"start":{"line":4,"column":0},"end":{"line":4,"column":33}},"1":{"start":{"line":7,"column":12},"end":{"line":7,"column":33}},"2":{"start":{"line":8,"column":12},"end":{"line":8,"column":31}},"3":{"start":{"line":10,"column":22},"end":{"line":10,"column":66}},"4":{"start":{"line":10,"column":46},"end":{"line":10,"column":65}},"5":{"start":{"line":11,"column":8},"end":{"line":13,"column":9}},"6":{"start":{"line":12,"column":12},"end":{"line":12,"column":55}},"7":{"start":{"line":14,"column":32},"end":{"line":24,"column":null}},"8":{"start":{"line":25,"column":25},"end":{"line":25,"column":41}},"9":{"start":{"line":26,"column":8},"end":{"line":26,"column":null}},"10":{"start":{"line":27,"column":8},"end":{"line":27,"column":null}},"11":{"start":{"line":28,"column":8},"end":{"line":28,"column":null}},"12":{"start":{"line":31,"column":22},"end":{"line":31,"column":66}},"13":{"start":{"line":31,"column":46},"end":{"line":31,"column":65}},"14":{"start":{"line":32,"column":8},"end":{"line":34,"column":9}},"15":{"start":{"line":33,"column":12},"end":{"line":33,"column":55}},"16":{"start":{"line":35,"column":27},"end":{"line":35,"column":77}},"17":{"start":{"line":35,"column":53},"end":{"line":35,"column":76}},"18":{"start":{"line":36,"column":8},"end":{"line":38,"column":9}},"19":{"start":{"line":37,"column":12},"end":{"line":37,"column":null}},"20":{"start":{"line":39,"column":22},"end":{"line":39,"column":74}},"21":{"start":{"line":39,"column":53},"end":{"line":39,"column":73}},"22":{"start":{"line":40,"column":8},"end":{"line":44,"column":9}},"23":{"start":{"line":41,"column":12},"end":{"line":41,"column":null}},"24":{"start":{"line":43,"column":12},"end":{"line":43,"column":null}},"25":{"start":{"line":48,"column":8},"end":{"line":48,"column":null}},"26":{"start":{"line":52,"column":22},"end":{"line":52,"column":74}},"27":{"start":{"line":52,"column":53},"end":{"line":52,"column":73}},"28":{"start":{"line":53,"column":8},"end":{"line":57,"column":9}},"29":{"start":{"line":54,"column":12},"end":{"line":54,"column":null}},"30":{"start":{"line":56,"column":12},"end":{"line":56,"column":null}},"31":{"start":{"line":62,"column":22},"end":{"line":62,"column":75}},"32":{"start":{"line":62,"column":53},"end":{"line":62,"column":74}},"33":{"start":{"line":63,"column":8},"end":{"line":65,"column":9}},"34":{"start":{"line":64,"column":12},"end":{"line":64,"column":null}},"35":{"start":{"line":66,"column":29},"end":{"line":66,"column":47}},"36":{"start":{"line":67,"column":8},"end":{"line":67,"column":null}},"37":{"start":{"line":68,"column":8},"end":{"line":71,"column":null}},"38":{"start":{"line":6,"column":0},"end":{"line":6,"column":13}}},"fnMap":{"0":{"name":"(anonymous_0)","decl":{"start":{"line":6,"column":0},"end":{"line":6,"column":13}},"loc":{"start":{"line":6,"column":0},"end":{"line":73,"column":1}}},"1":{"name":"(anonymous_1)","decl":{"start":{"line":9,"column":4},"end":{"line":9,"column":9}},"loc":{"start":{"line":9,"column":61},"end":{"line":29,"column":5}}},"2":{"name":"(anonymous_2)","decl":{"start":{"line":10,"column":38},"end":{"line":10,"column":42}},"loc":{"start":{"line":10,"column":46},"end":{"line":10,"column":65}}},"3":{"name":"(anonymous_3)","decl":{"start":{"line":30,"column":4},"end":{"line":30,"column":9}},"loc":{"start":{"line":30,"column":57},"end":{"line":45,"column":5}}},"4":{"name":"(anonymous_4)","decl":{"start":{"line":31,"column":38},"end":{"line":31,"column":42}},"loc":{"start":{"line":31,"column":46},"end":{"line":31,"column":65}}},"5":{"name":"(anonymous_5)","decl":{"start":{"line":35,"column":44},"end":{"line":35,"column":49}},"loc":{"start":{"line":35,"column":53},"end":{"line":35,"column":76}}},"6":{"name":"(anonymous_6)","decl":{"start":{"line":39,"column":44},"end":{"line":39,"column":49}},"loc":{"start":{"line":39,"column":53},"end":{"line":39,"column":73}}},"7":{"name":"(anonymous_7)","decl":{"start":{"line":47,"column":4},"end":{"line":47,"column":9}},"loc":{"start":{"line":47,"column":22},"end":{"line":49,"column":5}}},"8":{"name":"(anonymous_8)","decl":{"start":{"line":51,"column":4},"end":{"line":51,"column":9}},"loc":{"start":{"line":51,"column":37},"end":{"line":59,"column":5}}},"9":{"name":"(anonymous_9)","decl":{"start":{"line":52,"column":44},"end":{"line":52,"column":49}},"loc":{"start":{"line":52,"column":53},"end":{"line":52,"column":73}}},"10":{"name":"(anonymous_10)","decl":{"start":{"line":61,"column":4},"end":{"line":61,"column":9}},"loc":{"start":{"line":61,"column":62},"end":{"line":72,"column":5}}},"11":{"name":"(anonymous_11)","decl":{"start":{"line":62,"column":44},"end":{"line":62,"column":49}},"loc":{"start":{"line":62,"column":53},"end":{"line":62,"column":74}}}},"branchMap":{"0":{"loc":{"start":{"line":11,"column":8},"end":{"line":13,"column":9}},"type":"if","locations":[{"start":{"line":11,"column":8},"end":{"line":13,"column":9}}]},"1":{"loc":{"start":{"line":32,"column":8},"end":{"line":34,"column":9}},"type":"if","locations":[{"start":{"line":32,"column":8},"end":{"line":34,"column":9}}]},"2":{"loc":{"start":{"line":36,"column":8},"end":{"line":38,"column":9}},"type":"if","locations":[{"start":{"line":36,"column":8},"end":{"line":38,"column":9}}]},"3":{"loc":{"start":{"line":40,"column":8},"end":{"line":44,"column":9}},"type":"if","locations":[{"start":{"line":40,"column":8},"end":{"line":44,"column":9}},{"start":{"line":42,"column":13},"end":{"line":44,"column":9}}]},"4":{"loc":{"start":{"line":53,"column":8},"end":{"line":57,"column":9}},"type":"if","locations":[{"start":{"line":53,"column":8},"end":{"line":57,"column":9}},{"start":{"line":55,"column":13},"end":{"line":57,"column":9}}]},"5":{"loc":{"start":{"line":63,"column":8},"end":{"line":65,"column":9}},"type":"if","locations":[{"start":{"line":63,"column":8},"end":{"line":65,"column":9}}]}},"s":{"0":1,"1":2,"2":2,"3":2,"4":2,"5":2,"6":1,"7":1,"8":1,"9":1,"10":1,"11":1,"12":0,"13":0,"14":0,"15":0,"16":0,"17":0,"18":0,"19":0,"20":0,"21":0,"22":0,"23":0,"24":0,"25":0,"26":0,"27":0,"28":0,"29":0,"30":0,"31":0,"32":0,"33":0,"34":0,"35":0,"36":0,"37":0,"38":1},"f":{"0":2,"1":2,"2":2,"3":0,"4":0,"5":0,"6":0,"7":0,"8":0,"9":0,"10":0,"11":0},"b":{"0":[1],"1":[0],"2":[0],"3":[0,0],"4":[0,0],"5":[0]}}
,"C:\\Users\\Vinicius\\Projeto-integrador\\src\\base\\index.ts": {"path":"C:\\Users\\Vinicius\\Projeto-integrador\\src\\base\\index.ts","statementMap":{"0":{"start":{"line":1,"column":0},"end":{"line":1,"column":36}},"1":{"start":{"line":9,"column":8},"end":{"line":9,"column":21}},"2":{"start":{"line":10,"column":8},"end":{"line":10,"column":35}},"3":{"start":{"line":11,"column":8},"end":{"line":11,"column":35}},"4":{"start":{"line":3,"column":0},"end":{"line":3,"column":22}}},"fnMap":{"0":{"name":"(anonymous_0)","decl":{"start":{"line":8,"column":4},"end":{"line":8,"column":16}},"loc":{"start":{"line":8,"column":97},"end":{"line":12,"column":5}}}},"branchMap":{"0":{"loc":{"start":{"line":8,"column":16},"end":{"line":8,"column":37}},"type":"default-arg","locations":[{"start":{"line":8,"column":29},"end":{"line":8,"column":37}}]},"1":{"loc":{"start":{"line":8,"column":39},"end":{"line":8,"column":67}},"type":"default-arg","locations":[{"start":{"line":8,"column":57},"end":{"line":8,"column":67}}]},"2":{"loc":{"start":{"line":8,"column":69},"end":{"line":8,"column":97}},"type":"default-arg","locations":[{"start":{"line":8,"column":87},"end":{"line":8,"column":97}}]}},"s":{"0":2,"1":2,"2":2,"3":2,"4":2},"f":{"0":2},"b":{"0":[2],"1":[2],"2":[2]}}
}
