{"C:\\Users\\Aluno\\Projeto-integrador\\src\\Store\\model\\index.ts": {"path":"C:\\Users\\Aluno\\Projeto-integrador\\src\\Store\\model\\index.ts","statementMap":{"0":{"start":{"line":1,"column":0},"end":{"line":1,"column":39}},"1":{"start":{"line":25,"column":8},"end":{"line":25,"column":null}},"2":{"start":{"line":20,"column":4},"end":{"line":20,"column":null}},"3":{"start":{"line":21,"column":4},"end":{"line":21,"column":null}},"4":{"start":{"line":26,"column":8},"end":{"line":26,"column":null}},"5":{"start":{"line":27,"column":8},"end":{"line":27,"column":null}},"6":{"start":{"line":28,"column":8},"end":{"line":28,"column":null}},"7":{"start":{"line":29,"column":8},"end":{"line":29,"column":null}},"8":{"start":{"line":30,"column":8},"end":{"line":30,"column":null}},"9":{"start":{"line":31,"column":8},"end":{"line":31,"column":null}},"10":{"start":{"line":32,"column":8},"end":{"line":32,"column":null}},"11":{"start":{"line":33,"column":8},"end":{"line":33,"column":null}},"12":{"start":{"line":34,"column":8},"end":{"line":34,"column":null}},"13":{"start":{"line":35,"column":8},"end":{"line":35,"column":null}},"14":{"start":{"line":38,"column":8},"end":{"line":38,"column":null}},"15":{"start":{"line":10,"column":0},"end":{"line":10,"column":13}}},"fnMap":{"0":{"name":"(anonymous_0)","decl":{"start":{"line":23,"column":4},"end":{"line":23,"column":16}},"loc":{"start":{"line":23,"column":31},"end":{"line":36,"column":5}}},"1":{"name":"(anonymous_1)","decl":{"start":{"line":37,"column":4},"end":{"line":37,"column":12}},"loc":{"start":{"line":37,"column":12},"end":{"line":39,"column":5}}}},"branchMap":{"0":{"loc":{"start":{"line":38,"column":24},"end":{"line":38,"column":62}},"type":"binary-expr","locations":[{"start":{"line":38,"column":24},"end":{"line":38,"column":33}},{"start":{"line":38,"column":37},"end":{"line":38,"column":48}},{"start":{"line":38,"column":52},"end":{"line":38,"column":62}}]}},"s":{"0":1,"1":2,"2":2,"3":2,"4":2,"5":2,"6":2,"7":2,"8":2,"9":2,"10":2,"11":2,"12":2,"13":2,"14":0,"15":1},"f":{"0":2,"1":0},"b":{"0":[0,0,0]}}
,"C:\\Users\\Aluno\\Projeto-integrador\\src\\Store\\service\\index.service.ts": {"path":"C:\\Users\\Aluno\\Projeto-integrador\\src\\Store\\service\\index.service.ts","statementMap":{"0":{"start":{"line":2,"column":0},"end":{"line":2,"column":63}},"1":{"start":{"line":7,"column":0},"end":{"line":7,"column":33}},"2":{"start":{"line":13,"column":9},"end":{"line":13,"column":null}},"3":{"start":{"line":17,"column":22},"end":{"line":17,"column":80}},"4":{"start":{"line":17,"column":60},"end":{"line":17,"column":79}},"5":{"start":{"line":19,"column":8},"end":{"line":19,"column":62}},"6":{"start":{"line":19,"column":19},"end":{"line":19,"column":62}},"7":{"start":{"line":21,"column":32},"end":{"line":33,"column":null}},"8":{"start":{"line":35,"column":25},"end":{"line":35,"column":41}},"9":{"start":{"line":37,"column":8},"end":{"line":37,"column":null}},"10":{"start":{"line":39,"column":8},"end":{"line":39,"column":null}},"11":{"start":{"line":41,"column":8},"end":{"line":41,"column":null}},"12":{"start":{"line":44,"column":22},"end":{"line":44,"column":80}},"13":{"start":{"line":44,"column":60},"end":{"line":44,"column":79}},"14":{"start":{"line":45,"column":8},"end":{"line":45,"column":63}},"15":{"start":{"line":45,"column":20},"end":{"line":45,"column":63}},"16":{"start":{"line":48,"column":27},"end":{"line":48,"column":120}},"17":{"start":{"line":48,"column":72},"end":{"line":48,"column":119}},"18":{"start":{"line":49,"column":8},"end":{"line":49,"column":105}},"19":{"start":{"line":49,"column":31},"end":{"line":49,"column":105}},"20":{"start":{"line":50,"column":23},"end":{"line":50,"column":54}},"21":{"start":{"line":51,"column":8},"end":{"line":51,"column":37}},"22":{"start":{"line":52,"column":8},"end":{"line":52,"column":76}},"23":{"start":{"line":53,"column":8},"end":{"line":53,"column":42}},"24":{"start":{"line":57,"column":8},"end":{"line":57,"column":null}},"25":{"start":{"line":62,"column":22},"end":{"line":62,"column":88}},"26":{"start":{"line":62,"column":67},"end":{"line":62,"column":87}},"27":{"start":{"line":64,"column":8},"end":{"line":67,"column":9}},"28":{"start":{"line":64,"column":26},"end":{"line":64,"column":null}},"29":{"start":{"line":66,"column":12},"end":{"line":66,"column":null}},"30":{"start":{"line":72,"column":22},"end":{"line":72,"column":80}},"31":{"start":{"line":72,"column":60},"end":{"line":72,"column":79}},"32":{"start":{"line":74,"column":8},"end":{"line":74,"column":62}},"33":{"start":{"line":74,"column":19},"end":{"line":74,"column":62}},"34":{"start":{"line":76,"column":27},"end":{"line":76,"column":120}},"35":{"start":{"line":76,"column":72},"end":{"line":76,"column":119}},"36":{"start":{"line":77,"column":8},"end":{"line":77,"column":105}},"37":{"start":{"line":77,"column":31},"end":{"line":77,"column":105}},"38":{"start":{"line":79,"column":23},"end":{"line":79,"column":48}},"39":{"start":{"line":80,"column":22},"end":{"line":80,"column":69}},"40":{"start":{"line":80,"column":48},"end":{"line":80,"column":68}},"41":{"start":{"line":82,"column":8},"end":{"line":82,"column":65}},"42":{"start":{"line":82,"column":25},"end":{"line":82,"column":65}},"43":{"start":{"line":83,"column":8},"end":{"line":83,"column":61}},"44":{"start":{"line":84,"column":8},"end":{"line":84,"column":52}},"45":{"start":{"line":85,"column":8},"end":{"line":85,"column":42}},"46":{"start":{"line":86,"column":8},"end":{"line":86,"column":78}},"47":{"start":{"line":9,"column":0},"end":{"line":9,"column":13}}},"fnMap":{"0":{"name":"(anonymous_0)","decl":{"start":{"line":11,"column":4},"end":{"line":11,"column":18}},"loc":{"start":{"line":11,"column":4},"end":{"line":11,"column":19}}},"1":{"name":"(anonymous_1)","decl":{"start":{"line":12,"column":11},"end":{"line":12,"column":16}},"loc":{"start":{"line":12,"column":21},"end":{"line":14,"column":5}}},"2":{"name":"(anonymous_2)","decl":{"start":{"line":15,"column":4},"end":{"line":15,"column":9}},"loc":{"start":{"line":15,"column":61},"end":{"line":42,"column":5}}},"3":{"name":"(anonymous_3)","decl":{"start":{"line":17,"column":52},"end":{"line":17,"column":56}},"loc":{"start":{"line":17,"column":60},"end":{"line":17,"column":79}}},"4":{"name":"(anonymous_4)","decl":{"start":{"line":43,"column":4},"end":{"line":43,"column":9}},"loc":{"start":{"line":43,"column":58},"end":{"line":55,"column":5}}},"5":{"name":"(anonymous_5)","decl":{"start":{"line":44,"column":52},"end":{"line":44,"column":56}},"loc":{"start":{"line":44,"column":60},"end":{"line":44,"column":79}}},"6":{"name":"(anonymous_6)","decl":{"start":{"line":48,"column":63},"end":{"line":48,"column":68}},"loc":{"start":{"line":48,"column":72},"end":{"line":48,"column":119}}},"7":{"name":"(anonymous_7)","decl":{"start":{"line":56,"column":4},"end":{"line":56,"column":9}},"loc":{"start":{"line":56,"column":22},"end":{"line":58,"column":5}}},"8":{"name":"(anonymous_8)","decl":{"start":{"line":61,"column":4},"end":{"line":61,"column":9}},"loc":{"start":{"line":61,"column":37},"end":{"line":69,"column":5}}},"9":{"name":"(anonymous_9)","decl":{"start":{"line":62,"column":58},"end":{"line":62,"column":63}},"loc":{"start":{"line":62,"column":67},"end":{"line":62,"column":87}}},"10":{"name":"(anonymous_10)","decl":{"start":{"line":71,"column":4},"end":{"line":71,"column":9}},"loc":{"start":{"line":71,"column":87},"end":{"line":87,"column":5}}},"11":{"name":"(anonymous_11)","decl":{"start":{"line":72,"column":52},"end":{"line":72,"column":56}},"loc":{"start":{"line":72,"column":60},"end":{"line":72,"column":79}}},"12":{"name":"(anonymous_12)","decl":{"start":{"line":76,"column":63},"end":{"line":76,"column":68}},"loc":{"start":{"line":76,"column":72},"end":{"line":76,"column":119}}},"13":{"name":"(anonymous_13)","decl":{"start":{"line":80,"column":39},"end":{"line":80,"column":44}},"loc":{"start":{"line":80,"column":48},"end":{"line":80,"column":68}}}},"branchMap":{"0":{"loc":{"start":{"line":19,"column":8},"end":{"line":19,"column":62}},"type":"if","locations":[{"start":{"line":19,"column":8},"end":{"line":19,"column":62}}]},"1":{"loc":{"start":{"line":45,"column":8},"end":{"line":45,"column":63}},"type":"if","locations":[{"start":{"line":45,"column":8},"end":{"line":45,"column":63}}]},"2":{"loc":{"start":{"line":48,"column":72},"end":{"line":48,"column":119}},"type":"binary-expr","locations":[{"start":{"line":48,"column":72},"end":{"line":48,"column":92}},{"start":{"line":48,"column":96},"end":{"line":48,"column":119}}]},"3":{"loc":{"start":{"line":49,"column":8},"end":{"line":49,"column":105}},"type":"if","locations":[{"start":{"line":49,"column":8},"end":{"line":49,"column":105}}]},"4":{"loc":{"start":{"line":64,"column":8},"end":{"line":67,"column":9}},"type":"if","locations":[{"start":{"line":64,"column":8},"end":{"line":67,"column":9}},{"start":{"line":65,"column":12},"end":{"line":67,"column":9}}]},"5":{"loc":{"start":{"line":74,"column":8},"end":{"line":74,"column":62}},"type":"if","locations":[{"start":{"line":74,"column":8},"end":{"line":74,"column":62}}]},"6":{"loc":{"start":{"line":76,"column":72},"end":{"line":76,"column":119}},"type":"binary-expr","locations":[{"start":{"line":76,"column":72},"end":{"line":76,"column":92}},{"start":{"line":76,"column":96},"end":{"line":76,"column":119}}]},"7":{"loc":{"start":{"line":77,"column":8},"end":{"line":77,"column":105}},"type":"if","locations":[{"start":{"line":77,"column":8},"end":{"line":77,"column":105}}]},"8":{"loc":{"start":{"line":82,"column":8},"end":{"line":82,"column":65}},"type":"if","locations":[{"start":{"line":82,"column":8},"end":{"line":82,"column":65}}]}},"s":{"0":1,"1":1,"2":0,"3":3,"4":5,"5":3,"6":1,"7":2,"8":2,"9":2,"10":2,"11":2,"12":0,"13":0,"14":0,"15":0,"16":0,"17":0,"18":0,"19":0,"20":0,"21":0,"22":0,"23":0,"24":0,"25":0,"26":0,"27":0,"28":0,"29":0,"30":0,"31":0,"32":0,"33":0,"34":0,"35":0,"36":0,"37":0,"38":0,"39":0,"40":0,"41":0,"42":0,"43":0,"44":0,"45":0,"46":0,"47":1},"f":{"0":3,"1":0,"2":3,"3":5,"4":0,"5":0,"6":0,"7":0,"8":0,"9":0,"10":0,"11":0,"12":0,"13":0},"b":{"0":[1],"1":[0],"2":[0,0],"3":[0],"4":[0,0],"5":[0],"6":[0,0],"7":[0],"8":[0]}}
,"C:\\Users\\Aluno\\Projeto-integrador\\src\\base\\index.ts": {"path":"C:\\Users\\Aluno\\Projeto-integrador\\src\\base\\index.ts","statementMap":{"0":{"start":{"line":1,"column":0},"end":{"line":1,"column":36}},"1":{"start":{"line":9,"column":8},"end":{"line":9,"column":21}},"2":{"start":{"line":10,"column":8},"end":{"line":10,"column":35}},"3":{"start":{"line":11,"column":8},"end":{"line":11,"column":35}},"4":{"start":{"line":3,"column":0},"end":{"line":3,"column":22}}},"fnMap":{"0":{"name":"(anonymous_0)","decl":{"start":{"line":8,"column":4},"end":{"line":8,"column":16}},"loc":{"start":{"line":8,"column":97},"end":{"line":12,"column":5}}}},"branchMap":{"0":{"loc":{"start":{"line":8,"column":16},"end":{"line":8,"column":37}},"type":"default-arg","locations":[{"start":{"line":8,"column":29},"end":{"line":8,"column":37}}]},"1":{"loc":{"start":{"line":8,"column":39},"end":{"line":8,"column":67}},"type":"default-arg","locations":[{"start":{"line":8,"column":57},"end":{"line":8,"column":67}}]},"2":{"loc":{"start":{"line":8,"column":69},"end":{"line":8,"column":97}},"type":"default-arg","locations":[{"start":{"line":8,"column":87},"end":{"line":8,"column":97}}]}},"s":{"0":1,"1":2,"2":2,"3":2,"4":1},"f":{"0":2},"b":{"0":[2],"1":[2],"2":[2]}}
,"C:\\Users\\Aluno\\Projeto-integrador\\src\\database\\FileRepository.ts": {"path":"C:\\Users\\Aluno\\Projeto-integrador\\src\\database\\FileRepository.ts","statementMap":{"0":{"start":{"line":6,"column":0},"end":{"line":6,"column":36}},"1":{"start":{"line":9,"column":0},"end":{"line":9,"column":23}},"2":{"start":{"line":14,"column":12},"end":{"line":14,"column":87}},"3":{"start":{"line":16,"column":12},"end":{"line":25,"column":116}},"4":{"start":{"line":30,"column":8},"end":{"line":30,"column":40}},"5":{"start":{"line":31,"column":8},"end":{"line":31,"column":50}},"6":{"start":{"line":32,"column":8},"end":{"line":32,"column":52}},"7":{"start":{"line":36,"column":8},"end":{"line":39,"column":9}},"8":{"start":{"line":37,"column":12},"end":{"line":37,"column":59}},"9":{"start":{"line":38,"column":12},"end":{"line":38,"column":49}},"10":{"start":{"line":40,"column":8},"end":{"line":40,"column":39}},"11":{"start":{"line":44,"column":8},"end":{"line":57,"column":9}},"12":{"start":{"line":45,"column":12},"end":{"line":45,"column":43}},"13":{"start":{"line":46,"column":12},"end":{"line":46,"column":54}},"14":{"start":{"line":48,"column":12},"end":{"line":56,"column":13}},"15":{"start":{"line":49,"column":16},"end":{"line":49,"column":92}},"16":{"start":{"line":50,"column":36},"end":{"line":50,"column":145}},"17":{"start":{"line":51,"column":16},"end":{"line":51,"column":95}},"18":{"start":{"line":52,"column":17},"end":{"line":52,"column":89}},"19":{"start":{"line":53,"column":16},"end":{"line":53,"column":40}},"20":{"start":{"line":55,"column":16},"end":{"line":55,"column":89}},"21":{"start":{"line":61,"column":8},"end":{"line":67,"column":9}},"22":{"start":{"line":62,"column":32},"end":{"line":62,"column":73}},"23":{"start":{"line":63,"column":12},"end":{"line":63,"column":66}},"24":{"start":{"line":64,"column":12},"end":{"line":64,"column":43}},"25":{"start":{"line":66,"column":12},"end":{"line":66,"column":76}},"26":{"start":{"line":71,"column":8},"end":{"line":76,"column":9}},"27":{"start":{"line":72,"column":12},"end":{"line":72,"column":83}},"28":{"start":{"line":73,"column":12},"end":{"line":73,"column":82}},"29":{"start":{"line":75,"column":12},"end":{"line":75,"column":74}},"30":{"start":{"line":80,"column":8},"end":{"line":80,"column":78}},"31":{"start":{"line":80,"column":52},"end":{"line":80,"column":76}},"32":{"start":{"line":83,"column":8},"end":{"line":83,"column":null}},"33":{"start":{"line":83,"column":50},"end":{"line":83,"column":92}},"34":{"start":{"line":86,"column":8},"end":{"line":86,"column":41}},"35":{"start":{"line":87,"column":8},"end":{"line":87,"column":36}},"36":{"start":{"line":90,"column":8},"end":{"line":90,"column":null}},"37":{"start":{"line":94,"column":8},"end":{"line":94,"column":38}},"38":{"start":{"line":95,"column":8},"end":{"line":95,"column":36}},"39":{"start":{"line":100,"column":8},"end":{"line":100,"column":31}},"40":{"start":{"line":104,"column":8},"end":{"line":104,"column":35}},"41":{"start":{"line":105,"column":8},"end":{"line":105,"column":36}},"42":{"start":{"line":109,"column":8},"end":{"line":109,"column":35}},"43":{"start":{"line":112,"column":8},"end":{"line":112,"column":43}},"44":{"start":{"line":113,"column":8},"end":{"line":113,"column":77}},"45":{"start":{"line":114,"column":8},"end":{"line":114,"column":36}},"46":{"start":{"line":118,"column":8},"end":{"line":118,"column":32}},"47":{"start":{"line":122,"column":8},"end":{"line":122,"column":37}},"48":{"start":{"line":123,"column":8},"end":{"line":123,"column":36}},"49":{"start":{"line":127,"column":8},"end":{"line":127,"column":34}},"50":{"start":{"line":130,"column":8},"end":{"line":130,"column":36}},"51":{"start":{"line":134,"column":8},"end":{"line":134,"column":41}},"52":{"start":{"line":135,"column":8},"end":{"line":135,"column":36}},"53":{"start":{"line":139,"column":8},"end":{"line":139,"column":36}},"54":{"start":{"line":142,"column":22},"end":{"line":142,"column":76}},"55":{"start":{"line":142,"column":55},"end":{"line":142,"column":75}},"56":{"start":{"line":143,"column":8},"end":{"line":145,"column":9}},"57":{"start":{"line":144,"column":12},"end":{"line":144,"column":74}},"58":{"start":{"line":146,"column":8},"end":{"line":148,"column":9}},"59":{"start":{"line":147,"column":12},"end":{"line":147,"column":94}},"60":{"start":{"line":151,"column":8},"end":{"line":151,"column":45}},"61":{"start":{"line":152,"column":8},"end":{"line":152,"column":36}},"62":{"start":{"line":12,"column":0},"end":{"line":12,"column":13}}},"fnMap":{"0":{"name":"(anonymous_1)","decl":{"start":{"line":27,"column":4},"end":{"line":27,"column":26}},"loc":{"start":{"line":27,"column":4},"end":{"line":27,"column":27}}},"1":{"name":"(anonymous_2)","decl":{"start":{"line":29,"column":11},"end":{"line":29,"column":16}},"loc":{"start":{"line":29,"column":21},"end":{"line":33,"column":5}}},"2":{"name":"(anonymous_3)","decl":{"start":{"line":35,"column":11},"end":{"line":35,"column":17}},"loc":{"start":{"line":35,"column":35},"end":{"line":41,"column":5}}},"3":{"name":"(anonymous_4)","decl":{"start":{"line":43,"column":12},"end":{"line":43,"column":17}},"loc":{"start":{"line":43,"column":36},"end":{"line":58,"column":5}}},"4":{"name":"(anonymous_5)","decl":{"start":{"line":60,"column":12},"end":{"line":60,"column":17}},"loc":{"start":{"line":60,"column":34},"end":{"line":68,"column":5}}},"5":{"name":"(anonymous_6)","decl":{"start":{"line":70,"column":12},"end":{"line":70,"column":17}},"loc":{"start":{"line":70,"column":32},"end":{"line":77,"column":5}}},"6":{"name":"(anonymous_7)","decl":{"start":{"line":79,"column":11},"end":{"line":79,"column":25}},"loc":{"start":{"line":79,"column":40},"end":{"line":81,"column":5}}},"7":{"name":"(anonymous_8)","decl":{"start":{"line":80,"column":44},"end":{"line":80,"column":48}},"loc":{"start":{"line":80,"column":52},"end":{"line":80,"column":76}}},"8":{"name":"(anonymous_9)","decl":{"start":{"line":82,"column":11},"end":{"line":82,"column":29}},"loc":{"start":{"line":82,"column":56},"end":{"line":84,"column":5}}},"9":{"name":"(anonymous_10)","decl":{"start":{"line":83,"column":42},"end":{"line":83,"column":46}},"loc":{"start":{"line":83,"column":50},"end":{"line":83,"column":92}}},"10":{"name":"(anonymous_11)","decl":{"start":{"line":85,"column":11},"end":{"line":85,"column":16}},"loc":{"start":{"line":85,"column":47},"end":{"line":88,"column":5}}},"11":{"name":"(anonymous_12)","decl":{"start":{"line":89,"column":11},"end":{"line":89,"column":19}},"loc":{"start":{"line":89,"column":19},"end":{"line":91,"column":5}}},"12":{"name":"(anonymous_13)","decl":{"start":{"line":93,"column":11},"end":{"line":93,"column":16}},"loc":{"start":{"line":93,"column":39},"end":{"line":96,"column":5}}},"13":{"name":"(anonymous_14)","decl":{"start":{"line":99,"column":11},"end":{"line":99,"column":19}},"loc":{"start":{"line":99,"column":19},"end":{"line":101,"column":5}}},"14":{"name":"(anonymous_15)","decl":{"start":{"line":103,"column":11},"end":{"line":103,"column":16}},"loc":{"start":{"line":103,"column":35},"end":{"line":106,"column":5}}},"15":{"name":"(anonymous_16)","decl":{"start":{"line":108,"column":11},"end":{"line":108,"column":23}},"loc":{"start":{"line":108,"column":23},"end":{"line":110,"column":5}}},"16":{"name":"(anonymous_17)","decl":{"start":{"line":111,"column":11},"end":{"line":111,"column":16}},"loc":{"start":{"line":111,"column":48},"end":{"line":115,"column":5}}},"17":{"name":"(anonymous_18)","decl":{"start":{"line":117,"column":11},"end":{"line":117,"column":20}},"loc":{"start":{"line":117,"column":20},"end":{"line":119,"column":5}}},"18":{"name":"(anonymous_19)","decl":{"start":{"line":121,"column":11},"end":{"line":121,"column":16}},"loc":{"start":{"line":121,"column":38},"end":{"line":124,"column":5}}},"19":{"name":"(anonymous_20)","decl":{"start":{"line":126,"column":11},"end":{"line":126,"column":22}},"loc":{"start":{"line":126,"column":22},"end":{"line":128,"column":5}}},"20":{"name":"(anonymous_21)","decl":{"start":{"line":129,"column":11},"end":{"line":129,"column":16}},"loc":{"start":{"line":129,"column":28},"end":{"line":131,"column":5}}},"21":{"name":"(anonymous_22)","decl":{"start":{"line":133,"column":11},"end":{"line":133,"column":16}},"loc":{"start":{"line":133,"column":44},"end":{"line":136,"column":5}}},"22":{"name":"(anonymous_23)","decl":{"start":{"line":138,"column":11},"end":{"line":138,"column":24}},"loc":{"start":{"line":138,"column":24},"end":{"line":140,"column":5}}},"23":{"name":"(anonymous_24)","decl":{"start":{"line":141,"column":12},"end":{"line":141,"column":27}},"loc":{"start":{"line":141,"column":68},"end":{"line":149,"column":5}}},"24":{"name":"(anonymous_25)","decl":{"start":{"line":142,"column":44},"end":{"line":142,"column":45}},"loc":{"start":{"line":142,"column":55},"end":{"line":142,"column":75}}},"25":{"name":"(anonymous_26)","decl":{"start":{"line":150,"column":11},"end":{"line":150,"column":16}},"loc":{"start":{"line":150,"column":50},"end":{"line":153,"column":5}}}},"branchMap":{"0":{"loc":{"start":{"line":36,"column":8},"end":{"line":39,"column":9}},"type":"if","locations":[{"start":{"line":36,"column":8},"end":{"line":39,"column":9}}]},"1":{"loc":{"start":{"line":48,"column":12},"end":{"line":56,"column":13}},"type":"if","locations":[{"start":{"line":48,"column":12},"end":{"line":56,"column":13}},{"start":{"line":54,"column":19},"end":{"line":56,"column":13}}]},"2":{"loc":{"start":{"line":83,"column":50},"end":{"line":83,"column":92}},"type":"binary-expr","locations":[{"start":{"line":83,"column":50},"end":{"line":83,"column":64}},{"start":{"line":83,"column":68},"end":{"line":83,"column":92}}]},"3":{"loc":{"start":{"line":143,"column":8},"end":{"line":145,"column":9}},"type":"if","locations":[{"start":{"line":143,"column":8},"end":{"line":145,"column":9}}]},"4":{"loc":{"start":{"line":146,"column":8},"end":{"line":148,"column":9}},"type":"if","locations":[{"start":{"line":146,"column":8},"end":{"line":148,"column":9}}]}},"s":{"0":1,"1":1,"2":0,"3":0,"4":0,"5":0,"6":0,"7":0,"8":0,"9":0,"10":0,"11":0,"12":0,"13":0,"14":0,"15":0,"16":0,"17":0,"18":0,"19":0,"20":0,"21":0,"22":0,"23":0,"24":0,"25":0,"26":0,"27":0,"28":0,"29":0,"30":0,"31":0,"32":0,"33":0,"34":0,"35":0,"36":0,"37":0,"38":0,"39":0,"40":0,"41":0,"42":0,"43":0,"44":0,"45":0,"46":0,"47":0,"48":0,"49":0,"50":0,"51":0,"52":0,"53":0,"54":0,"55":0,"56":0,"57":0,"58":0,"59":0,"60":0,"61":0,"62":1},"f":{"0":0,"1":0,"2":0,"3":0,"4":0,"5":0,"6":0,"7":0,"8":0,"9":0,"10":0,"11":0,"12":0,"13":0,"14":0,"15":0,"16":0,"17":0,"18":0,"19":0,"20":0,"21":0,"22":0,"23":0,"24":0,"25":0},"b":{"0":[0],"1":[0,0],"2":[0,0],"3":[0],"4":[0]}}
}
